2025-07-01 12:03:23:544 [TID     8360][INFO   ] ** DMVCFramework Server ** build 3.4.2-magnesium [dmvcframework]
2025-07-01 12:03:23:555 [TID     8360][INFO   ] Listening on http://localhost:8080 [dmvcframework]
2025-07-01 12:03:23:555 [TID     8360][INFO   ] Application started. Press Ctrl+C to shut down. [dmvcframework]
2025-07-01 12:03:38:516 [TID     9644][INFO   ] Loading Config default values [dmvcframework]
2025-07-01 12:03:38:516 [TID     9644][INFO   ] Loading System Controllers [dmvcframework]
2025-07-01 12:03:38:518 [TID     9644][INFO   ] GET:/swagger/ [0:0:0:0:0:0:0:1] -> TMVCStaticFilesMiddleware - 200 OK [dmvcframework]
2025-07-01 12:03:43:045 [TID     9644][INFO   ] GET:/swagger/ [0:0:0:0:0:0:0:1] -> TMVCStaticFilesMiddleware - 304 Not Modified [dmvcframework]
2025-07-01 12:03:49:286 [TID     9644][INFO   ] GET:/swagger/ [0:0:0:0:0:0:0:1] -> TMVCStaticFilesMiddleware - 304 Not Modified [dmvcframework]
2025-07-01 12:05:52:071 [TID     9644][INFO   ] GET:/swagger/ [0:0:0:0:0:0:0:1] -> TMVCStaticFilesMiddleware - 200 OK [dmvcframework]
2025-07-01 14:28:02:763 [TID     3372][INFO   ] ** DMVCFramework Server ** build 3.4.2-magnesium [dmvcframework]
2025-07-01 14:28:02:775 [TID     3372][INFO   ] Listening on http://localhost:8080 [dmvcframework]
2025-07-01 14:28:02:775 [TID     3372][INFO   ] Application started. Press Ctrl+C to shut down. [dmvcframework]
2025-07-01 14:28:28:299 [TID      720][INFO   ] Loading Config default values [dmvcframework]
2025-07-01 14:28:28:300 [TID      720][INFO   ] Loading System Controllers [dmvcframework]
2025-07-01 14:28:34:730 [TID      720][INFO   ] GET:/swagger/ [0:0:0:0:0:0:0:1] -> TMVCStaticFilesMiddleware - 304 Not Modified [dmvcframework]
2025-07-01 14:39:49:334 [TID     4912][INFO   ] ** DMVCFramework Server ** build 3.4.2-magnesium [dmvcframework]
2025-07-01 14:39:49:343 [TID     4912][INFO   ] Listening on http://localhost:8080 [dmvcframework]
2025-07-01 14:39:49:343 [TID     4912][INFO   ] Application started. Press Ctrl+C to shut down. [dmvcframework]
2025-07-01 14:39:54:002 [TID     3752][INFO   ] Loading Config default values [dmvcframework]
2025-07-01 14:39:54:002 [TID     3752][INFO   ] Loading System Controllers [dmvcframework]
2025-07-01 14:39:54:003 [TID     3752][INFO   ] GET:/swagger/ [0:0:0:0:0:0:0:1] -> TMVCStaticFilesMiddleware - 304 Not Modified [dmvcframework]
2025-07-01 14:45:07:676 [TID    10344][WARNING] GET:/v1 [0:0:0:0:0:0:0:1] -> {ROUTE NOT FOUND} - 404 [dmvcframework]
2025-07-01 14:45:15:629 [TID    10940][WARNING] GET:/hello/render [0:0:0:0:0:0:0:1] -> {ROUTE NOT FOUND} - 404 [dmvcframework]
2025-07-01 14:45:18:955 [TID     7280][WARNING] GET:/hello/render [0:0:0:0:0:0:0:1] -> {ROUTE NOT FOUND} - 404 [dmvcframework]
